[2024-10-22 05:07:26] ERROR: Error recording attendance: SQLSTATE[HY093]: Invalid parameter number: number of bound variables does not match number of tokens
[2024-10-22 05:07:33] ERROR: Error recording attendance: SQLSTATE[HY093]: Invalid parameter number: number of bound variables does not match number of tokens
[极速赛车开奖号码查询官网2025-08-27 11:27] ERROR: Error retrieving dashboard stats: SQLSTATE[42S02]: Base table or view not found: 1146 Table 'attendancetrackernp.interns极速赛车开奖号码查询官网_attendance' doesn't exist
[极速赛车开奖号码查询官网2025-08-27 11:27] ERROR: Error retrieving dashboard stats: SQLSTATE[42S02]: Base table or view not found: 1146 Table 'attendancetrackernp.interns极速赛车开奖号码查询官网_attendance' doesn't exist
[2025-08-28 13:51] ERROR: Error retrieving student details: SQLSTATE[42S22]: Column not found: 1054 Unknown column 'id.HTE_ID' in 'on clause'
[2025-08-28 13:51] ERROR: Error retrieving student details: SQLSTATE[42S22]: Column not found: 1054 Unknown column 'id.HTE_ID' in 'on clause'
[2025-08-28 13:52] ERROR: Error retrieving student details: SQLSTATE[42S22]: Column not found: 1054 Unknown column 'id.HTE_ID' in 'on clause'
[2025-08-28 13:52] ERROR: Error retrieving student details: SQLSTATE[42S22]: Column not found: 1054 Unknown column 'id.HTE_ID' in 'on clause'
[2025-08-28 13:52] ERROR: Error retrieving student details: SQLSTATE[42S22]: Column not found: 1054 Unknown column 'id.HTE_ID' in 'on clause'
[2025-09-02 18:19] ERROR: Error retrieving latest report week: SQLSTATE[42S22]: Column not found: 1054 Unknown column 'submitted_at' in 'order clause'
[2025-09-02 18:19] ERROR: Error retrieving latest report week: SQLSTATE[42S22]: Column not found: 1054 Unknown column 'submitted_at' in 'order clause'
[2025-09-02 18:19] ERROR: Error retrieving latest report week: SQLSTATE[42S22]: Column not found: 1054 Unknown column 'submitted_at' in 'order clause'
[2025-09-02 18:19] ERROR: Error retrieving latest report week: SQLSTATE[42S22]: Column not found: 1054 Unknown column 'submitted_at' in 'order clause'
[2025-09-02 18:19] ERROR: Error retrieving latest report week: SQLSTATE[42S22]: Column not found: 1054 Unknown column 'submitted_at' in 'order clause'
[2025-09-02 18:19] ERROR: Error retrieving latest report week: SQLSTATE[42S22]: Column not found: 1054 Unknown column 'submitted_at' in 'order clause'
[2025-09-02 18:19] ERROR: Error retrieving latest report week: SQLSTATE[42S22]: Column not found: 1054 Unknown column 'submitted_at' in 'order clause'
[2025-09-02 18:19] ERROR: Error retrieving latest report week: SQLSTATE[42S22]: Column not found: 1054 Unknown column 'submitted_at' in 'order clause'
[2025-09-02 18:20] ERROR: Error retrieving latest report week: SQLSTATE[42S22]: Column not found: 1054 Unknown column 'submitted_at' in 'order clause'
[2025-09-02 18:20] ERROR: Error retrieving latest report week: SQLSTATE[42S22]: Column not found: 1054 Unknown column 'submitted_at' in 'order clause'
[2025-09-05 15:58] ERROR: Error retrieving dashboard stats: SQLSTATE[42S22]: Column not found: 1054 Unknown column 'status' in 'field list'
[2025-09-05 15:58] ERROR: Error checking new data: SQLSTATE[42S22]: Column not found: 1054 Unknown column 'created_at' in 'where clause'
[2025-09-05 15:59] ERROR: Error checking new data: SQLSTATE[42S22]: Column not found: 1054 Unknown column 'created_at' in 'where clause'
[2025-09-05 15:59] ERROR: Error retrieving dashboard stats: SQLSTATE[42S22]: Column not found: 1054 Unknown column 'status' in 'field list'
[2025-09-05 15:59] ERROR: Error checking new data: SQLSTATE[42S22]: Column not found: 1054 Unknown column 'created_at' in 'where clause'
[2025-09-05 16:00] ERROR: Error checking new data: SQLSTATE[42S22]: Column not found: 1054 Unknown column 'created_at' in 'where clause'
[2025-09-05 16:00] ERROR: Error checking new data: SQLSTATE[42S22]: Column not found: 1054 Unknown column 'created_at' in 'where clause'
[2025-09-05 16:00] ERROR: Error checking new data: SQLSTATE[42S22]: Column not found: 1054 Unknown column 'created_at' in 'where clause'
[2025-09-05 16:01] ERROR: Error checking new data: SQLSTATE[42S22]: Column not found: 1054 Unknown column 'created_at' in 'where clause'
[2025-09-05 16:01] ERROR: Error checking new data: SQLSTATE[42S22]: Column not found: 1054 Unknown column 'created_at' in 'where clause'
[2025-09-05 16:01] ERROR: Error checking new data: SQLSTATE[42S22]: Column not found: 1054 Unknown column 'created_at' in 'where clause'
[2025-09-05 16:01] ERROR: Error checking new data: SQLSTATE[42S22]: Column not found: 1054 Unknown column 'created_at' in 'where clause'
[2025-09-05 16:02] ERROR: Error checking new data: SQLSTATE[42S22]: Column not found: 1054 Unknown column 'created_at' in 'where clause'
[2025-09-05 16:02] ERROR: Error checking new data: SQLSTATE[42S22]: Column not found: 1054 Unknown column 'created_at' in 'where clause'
[2025-09-05 16:02] ERROR: Error checking new data: SQLSTATE[42S22]: Column not found: 1054 Unknown column 'created_at' in 'where clause'
[2025-09-05 16:02] ERROR: Error checking new data: SQLSTATE[42S22]: Column not found: 1054 Unknown column 'created_at' in 'where clause'
[2025-09-05 16:03] ERROR: Error checking new data: SQLSTATE[42S22]: Column not found: 1054 Unknown column 'created_at' in 'where clause'
[2025-09-05 16:03] ERROR: Error checking new data: SQLSTATE[42S22]: Column not found: 1054 Unknown column 'created_at' in 'where clause'
[2025-09-05 16:03] ERROR: Error checking new data: SQLSTATE[42S22]: Column not found: 1054 Unknown column 'created_at' in 'where clause'
[2025-09-05 16:04] ERROR: Error checking new data: SQLSTATE[42S22]: Column not found: 1054 Unknown column 'created_at' in 'where clause'
[2025-09-05 16:04] ERROR: Error checking new data: SQLSTATE[42S22]: Column not found: 1054 Unknown column 'created_at' in 'where clause'
[2025-09-05 16:04] ERROR: Error checking new data: SQLSTATE[42S22]: Column not found: 1054 Unknown column 'created_at' in 'where clause'
[2025-09-05 16:04] ERROR: Error checking new data: SQLSTATE[42S22]: Column not found: 1054 Unknown column 'created_at' in 'where clause'
[2025-09-05 16:05] ERROR: Error checking new data: SQLSTATE[42S22]: Column not found: 1054 Unknown column 'created_at' in 'where clause'
[2025-09-05 16:05] ERROR: Error checking new data: SQLSTATE[42S22]: Column not found: 1054 Unknown column 'created_at' in 'where clause'
[2025-09-05 16:05] ERROR: Error checking new data: SQLSTATE[42S22]: Column not found: 1054 Unknown column 'created_at' in 'where clause'
[2025-09-05 16:05] ERROR: Error checking new data: SQLSTATE[42S22]: Column not found: 1054 Unknown column 'created_at' in 'where clause'
[2025-09-05 16:06] ERROR: Error checking new data: SQLSTATE[42S22]: Column not found: 1054 Unknown column 'created_at' in 'where clause'
[2025-09-05 16:06] ERROR: Error checking new data: SQLSTATE[42S22]: Column not found: 1054 Unknown column 'created_at' in 'where clause'
[2025-09-05 16:06] ERROR: Error checking new data: SQLSTATE[42S22]: Column not found: 1054 Unknown column 'created_at' in 'where clause'
[2025-09-05 16:06] ERROR: Error checking new data: SQLSTATE[42S22]: Column not found: 1054 Unknown column 'created_at' in 'where clause'
[2025-09-05 16:06] ERROR: Error checking new data: SQLSTATE[42S22]: Column not found: 1054 Unknown column 'created_at' in 'where clause'
[2025-09-05 16:07] ERROR: Error checking new data: SQLSTATE[42S22]: Column not found: 1054 Unknown column 'created_at' in 'where clause'
[2025-09-05 16:07] ERROR: Error checking new data: SQLSTATE[42S22]: Column not found: 1054 Unknown column 'created_at' in 'where clause'
[2025-09-05 16:07] ERROR: Error checking new data: SQLSTATE[42S22]: Column not found: 1054 Unknown column 'created_at' in 'where clause'
[2025-09-05 16:07] ERROR: Error checking new data: SQLSTATE[42S22]: Column not found: 1054 Unknown column 'created_at' in 'where clause'
[2025-09-05 16:07] ERROR: Error checking new data: SQLSTATE[42S22]: Column not found: 1054 Unknown column 'created_at' in 'where clause'
[2025-09-05 16:07] ERROR: Error checking new data: SQLSTATE[42S22]: Column not found: 1054 Unknown column 'created_at' in 'where clause'
[2025-09-05 16:07] ERROR: Error checking new data: SQLSTATE[42S22]: Column not found: 1054 Unknown column 'created_at' in 'where clause'
[2025-09-05 16:07] ERROR: Error checking new data: SQLSTATE[42S22]: Column not found: 1054 Unknown column 'created_at' in 'where clause'
[2025-09-05 16:07] ERROR: Error checking new data: SQLSTATE[42S22]: Column not found: 1054 Unknown column 'created_at' in 'where clause'
[2025-09-05 16:07] ERROR: Error checking new data: SQLSTATE[42S22]: Column not found: 1054 Unknown column 'created_at' in 'where clause'
[2025-09-05 16:07] ERROR: Error checking new data: SQLSTATE[42S22]: Column not found: 1054 Unknown column 'created_at' in 'where clause'
[2025-09-05 16:07] ERROR: Error checking new data: SQLSTATE[42S22]: Column not found: 1054 Unknown column 'created_at' in 'where clause'
[2025-09-05 16:07] ERROR: Error checking new data: SQLSTATE[42S22]: Column not found: 1054 Unknown column 'created_at' in 'where clause'
[2025-09-05 16:07] ERROR: Error checking new data: SQLSTATE[42S22]: Column not found: 1054 Unknown column 'created_at' in 'where clause'
[2025-09-05 16:08] ERROR: Error checking new data: SQLSTATE[42S22]: Column not found: 1054 Unknown column 'created_at' in 'where clause'
[2025-09-05 16:08] ERROR: Error checking new data: SQLSTATE[42S22]: Column not found: 1054 Unknown column 'created_at' in 'where clause'
[2025-09-05 16:08] ERROR: Error checking new data: SQLSTATE[42S22]: Column not found: 1054 Unknown column 'created_at' in 'where clause'
[2025-09-05 16:08] ERROR: Error checking new data: SQLSTATE[42S22]: Column not found: 1054 Unknown column 'created_at' in 'where clause'
[2025-09-05 16:08] ERROR: Error checking new data: SQLSTATE[42S22]: Column not found: 1054 Unknown column 'created_at' in 'where clause'
[2025-09-05 16:08] ERROR: Error checking new data: SQLSTATE[42S22]: Column not found: 1054 Unknown column 'created_at' in 'where clause'
[2025-09-05 16:08] ERROR: Error checking new data: SQLSTATE[42S22]: Column not found: 1054 Unknown column 'created_at' in 'where clause'
[2025-09-05 16:08] ERROR: Error checking new data: SQLSTATE[42S22]: Column not found: 1054 Unknown column 'created_at' in 'where clause'
[2025-09-05 16:08] ERROR: Error checking new data: SQLSTATE[42S22]: Column not found: 1054 Unknown column 'created_at' in 'where clause'
[2025-09-05 16:08] ERROR: Error checking new data: SQLSTATE[42S22]: Column not found: 1054 Unknown column 'created_at' in 'where clause'
[2025-09-05 16:08] ERROR: Error checking new data: SQLSTATE[42S22]: Column not found: 1054 Unknown column 'created_at' in 'where clause'
[2025-09-05 16:08] ERROR: Error checking new data: SQLSTATE[42S22]: Column not found: 1054 Unknown column 'created_at' in 'where clause'
[2025-09-05 16:08] ERROR: Error checking new data: SQLSTATE[42S22]: Column not found: 1054 Unknown column 'created_at' in 'where clause'
[2025-09-05 16:08] ERROR: Error checking new data: SQLSTATE[42S22]: Column not found: 1054 Unknown column 'created_at' in 'where clause'
[2025-09-05 16:09] ERROR: Error checking new data: SQLSTATE[42S22]: Column not found: 1054 Unknown column 'created_at' in 'where clause'
[2025-09-05 16:09] ERROR: Error checking new data: SQLSTATE[42S22]: Column not found: 1054 Unknown column 'created_at' in 'where clause'
[2025-09-05 16:09] ERROR: Error checking new data: SQLSTATE[42S22]: Column not found: 1054 Unknown column 'created_at' in 'where clause'
[2025-09-05 16:09] ERROR: Error checking new data: SQLSTATE[42S22]: Column not found: 1054 Unknown column 'created_at' in 'where clause'
[2025-09-05 16:09] ERROR: Error checking new data: SQLSTATE[42S22]: Column not found: 1054 Unknown column 'created_at' in 'where clause'
[2025-09-05 16:09] ERROR: Error checking new data: SQLSTATE[42S22]: Column not found: 1054 Unknown column 'created_at' in 'where clause'
[2025-09-05 16:09] ERROR: Error checking new data: SQLSTATE[42S22]: Column not found: 1054 Unknown column 'created_at' in 'where clause'
[2025-09-05 16:09] ERROR: Error checking new data: SQLSTATE[42S22]: Column not found: 1054 Unknown column 'created_at' in 'where clause'
[2025-09-05 16:09] ERROR: Error checking new data: SQLSTATE[42S22]: Column not found: 1054 Unknown column 'created_at' in 'where clause'
[2025-09-05 16:09] ERROR: Error checking new data: SQLSTATE[42S22]: Column not found: 1054 Unknown column 'created_at' in 'where clause'
[2025-09-05 16:09] ERROR: Error checking new data: SQLSTATE[42S22]: Column not found: 1054 Unknown column 'created_at' in 'where clause'
[2025-09-05 16:09] ERROR: Error checking new data: SQLSTATE[42S22]: Column not found: 1054 Unknown column 'created_at' in 'where clause'
[2025-09-05 16:09] ERROR: Error checking new data: SQLSTATE[42S22]: Column not found: 1054 Unknown column 'created_at' in 'where clause'
[2025-09-05 16:09] ERROR: Error checking new data: SQLSTATE[42S22]: Column not found: 1054 Unknown column 'created_at' in 'where clause'
[2025-09-05 16:10] ERROR: Error checking new data: SQLSTATE[42S22]: Column not found: 1054 Unknown column 'created_at' in 'where clause'
[2025-09-05 16:10] ERROR: Error checking new data: SQLSTATE[42S22]: Column not found: 1054 Unknown column 'created_at' in 'where clause'
[2025-09-05 16:10] ERROR: Error checking new data: SQLSTATE[42S22]: Column not found: 1054 Unknown column 'created_at' in 'where clause'
[2025-09-05 16:10] ERROR: Error checking new data: SQLSTATE[42S22]: Column not found: 1054 Unknown column 'created_at' in 'where clause'
[2025-09-05 16:10] ERROR: Error checking new data: SQLSTATE[42S22]: Column not found: 1054 Unknown column 'created_at' in 'where clause'
[2025-09-05 16:10] ERROR: Error checking new data: SQLSTATE[42S22]: Column not found: 1054 Unknown column 'created_at' in 'where clause'
[2025-09-05 16:10] ERROR: Error checking new data: SQLSTATE[42S22]: Column not found: 1054 Unknown column 'created_at' in 'where clause'
[2025-09-05 16:10] ERROR: Error checking new data: SQLSTATE[42S22]: Column not found: 1054 Unknown column 'created_at' in 'where clause'
[2025-09-05 16:10] ERROR: Error checking new data: SQLSTATE[42S22]: Column not found: 1054 Unknown column 'created_at' in 'where clause'
[2025-09-05 16:10] ERROR: Error checking new data: SQLSTATE[42S22]: Column not found: 1054 Unknown column 'created_at' in 'where clause'
[2025-09-05 16:10] ERROR: Error checking new data: SQLSTATE[42S22]: Column not found: 1054 Unknown column 'created_at' in 'where clause'
[2025-09-05 16:10] ERROR: Error checking new data: SQLSTATE[42S22]: Column not found: 1054 Unknown column 'created_at' in 'where clause'
[2025-09-05 16:10] ERROR: Error checking new data: SQLSTATE[42S22]: Column not found: 1054 Unknown column 'created_at' in 'where clause'
[2025-09-05 16:10] ERROR: Error checking new data: SQLSTATE[42S22]: Column not found: 1054 Unknown column 'created_at' in 'where clause'
[2025-09-05 16:10] ERROR: Error checking new data: SQLSTATE[42S22]: Column not found: 1054 Unknown column 'created_at' in 'where clause'
[2025-09-05 16:10] ERROR: Error checking new data: SQLSTATE[42S22]: Column not found: 1054 Unknown column 'created_at' in 'where clause'
[2025-09-05 16:10] ERROR: Error checking new data: SQLSTATE[42S22]: Column not found: 1054 Unknown column 'created_at' in 'where clause'
[2025-09-05 16:10] ERROR: Error checking new data: SQLSTATE[42S22]: Column not found: 1054 Unknown column 'created_at' in 'where clause'
[2025-09-05 16:10] ERROR: Error checking new data: SQLSTATE[42S22]: Column not found: 1054 Unknown column 'created_at' in 'where clause'
[2025-09-05 16:10] ERROR: Error checking new data: SQLSTATE[42S22]: Column not found: 1054 Unknown column 'created_at' in 'where clause'
[2025-09-05 16:10] ERROR: Error checking new data: SQLSTATE[42S22]: Column not found: 1054 Unknown column 'created_at' in 'where clause'
[2025-09-05 16:10] ERROR: Error checking new data: SQLSTATE[42S22]: Column not found: 1054 Unknown column 'created_at' in 'where clause'
[2025-09-05 16:10] ERROR: Error checking new data: SQLSTATE[42S22]: Column not found: 1054 Unknown column 'created_at' in 'where clause'
[2025-09-05 16:11] ERROR: Error checking new data: SQLSTATE[42S22]: Column not found: 1054 Unknown column 'created_at' in 'where clause'
[2025-09-05 16:11] ERROR: Error checking new data: SQLSTATE[42S22]: Column not found: 1054 Unknown column 'created_at' in 'where clause'
[2025-09-05 16:11] ERROR: Error checking new data: SQLSTATE[42S22]: Column not found: 1054 Unknown column 'created_at' in 'where clause'
[2025-09-05 16:11] ERROR: Error checking new data: SQLSTATE[42S22]: Column not found: 1054 Unknown column 'created_at' in 'where clause'
[2025-09-05 16:11] ERROR: Error checking new data: SQLSTATE[42S22]: Column not found: 1054 Unknown column 'created_at' in 'where clause'
[2025-09-05 16:11] ERROR: Error checking new data: SQLSTATE[42S22]: Column not found: 1054 Unknown column 'created_at' in 'where clause'
[2025-09-05 16:11] ERROR: Error checking new data: SQLSTATE[42S22]: Column not found: 1054 Unknown column 'created_at' in 'where clause'
[2025-09-05 16:11] ERROR: Error checking new data: SQLSTATE[42S22]: Column not found: 1054 Unknown column 'created_at' in 'where clause'
[2025-09-05 16:11] ERROR: Error checking new data: SQLSTATE[42S22]: Column not found: 1054 Unknown column 'created_at' in 'where clause'
[2025-09-05 16:11] ERROR: Error checking new data: SQLSTATE[42S22]: Column not found: 1054 Unknown column 'created_at' in 'where clause'
[2025-09-05 16:11] ERROR: Error checking new data: SQLSTATE[42S22]: Column not found: 1054 Unknown column 'created_at' in 'where clause'
[2025-09-05 16:11] ERROR: Error checking new data: SQLSTATE[42S22]: Column not found: 1054 Unknown column 'created_at' in 'where clause'
[2025-09-05 16:11] ERROR: Error checking new data: SQLSTATE[42S22]: Column not found: 1054 Unknown column 'created_at' in 'where clause'
[2025-09-05 16:11] ERROR: Error checking new data: SQLSTATE[42S22]: Column not found: 1054 Unknown column 'created_at' in 'where clause'
[2025-09-05 16:11] ERROR: Error checking new data: SQLSTATE[42S22]: Column not found: 1054 Unknown column 'created_at' in 'where clause'
[2025-09-05 16:11] ERROR: Error checking new data: SQLSTATE[42S22]: Column not found: 1054 Unknown column 'created_at' in 'where clause'
[2025-09-05 16:11] ERROR: Error checking new data: SQLSTATE[42S22]: Column not found: 1054 Unknown column 'created_at' in 'where clause'
[2025-09-05 16:11] ERROR: Error checking new data: SQLSTATE[42S22]: Column not found: 1054 Unknown column 'created_at' in 'where clause'
[2025-09-05 16:11] ERROR: Error checking new data: SQLSTATE[42S22]: Column not found: 1054 Unknown column 'created_at' in 'where clause'
[2025-09-05 16:11] ERROR: Error checking new data: SQLSTATE[42S22]: Column not found: 1054 Unknown column 'created_at' in 'where clause'
[2025-09-05 16:11] ERROR: Error checking new data: SQLSTATE[42S22]: Column not found: 1054 Unknown column 'created_at' in 'where clause'
[2025-09-05 16:11] ERROR: Error checking new data: SQLSTATE[42S22]: Column not found: 1054 Unknown column 'created_at' in 'where clause'
[2025-09-05 16:12] ERROR: Error checking new data: SQLSTATE[42S22]: Column not found: 1054 Unknown column 'created_at' in 'where clause'
[2025-09-05 16:12] ERROR: Error checking new data: SQLSTATE[42S22]: Column not found: 1054 Unknown column 'created_at' in 'where clause'
[2025-09-05 16:12] ERROR: Error checking new data: SQLSTATE[42S22]: Column not found: 1054 Unknown column 'created_at' in 'where clause'
[2025-09-05 16:12] ERROR: Error checking new data: SQLSTATE[42S22]: Column not found: 1054 Unknown column 'created_at' in 'where clause'
[2025-09-05 16:12] ERROR: Error checking new data: SQLSTATE[42S22]: Column not found: 1054 Unknown column 'created_at' in 'where clause'
[2025-09-05 16:12] ERROR: Error checking new data: SQLSTATE[42S22]: Column not found: 1054 Unknown column 'created_at' in 'where clause'
[2025-09-05 16:12] ERROR: Error checking new data: SQLSTATE[42S22]: Column not found: 1054 Unknown column 'created_at' in 'where clause'
[2025-09-05 16:12] ERROR: Error checking new data: SQLSTATE[42S22]: Column not found: 1054 Unknown column 'created_at' in 'where clause'
[2025-09-05 16:12] ERROR: Error checking new data: SQLSTATE[42S22]: Column not found: 1054 Unknown column 'created_at' in 'where clause'
[2025-09-05 16:12] ERROR: Error checking new data: SQLSTATE[42S22]: Column not found: 1054 Unknown column 'created_at' in 'where clause'
[2025-09-05 16:12] ERROR: Error checking new data: SQLSTATE[42S22]: Column not found: 1054 Unknown column 'created_at' in 'where clause'
[2025-09-05 16:12] ERROR: Error checking new data: SQLSTATE[42S22]: Column not found: 1054 Unknown column 'created_at' in 'where clause'
[2025-09-05 16:12] ERROR: Error checking new data: SQLSTATE[42S22]: Column not found: 1054 Unknown column 'created_at' in 'where clause'
[2025-09-05 16:13] ERROR: Error checking new data: SQLSTATE[42S22]: Column not found: 1054 Unknown column 'created_at' in 'where clause'
[2025-09-05 16:13] ERROR: Error checking new data: SQLSTATE[42S22]: Column not found: 1054 Unknown column 'created_at' in 'where clause'
[2025-09-05 16:13] ERROR: Error checking new data: SQLSTATE[42S22]: Column not found: 1054 Unknown column 'created_at' in 'where clause'
[2025-09-05 16:13] ERROR: Error checking new data: SQLSTATE[42S22]: Column not found: 1054 Unknown column 'created_at' in 'where clause'
[2025-09-05 16:13] ERROR: Error checking new data: SQLSTATE[42S22]: Column not found: 1054 Unknown column 'created_at' in 'where clause'
[2025-09-05 16:13] ERROR: Error checking new data: SQLSTATE[42S22]: Column not found: 1054 Unknown column 'created_at' in 'where clause'
[2025-09-05 16:13] ERROR: Error checking new data: SQLSTATE[42S22]: Column not found: 1054 Unknown column 'created_at' in 'where clause'
[2025-09-05 16:13] ERROR: Error checking new data: SQLSTATE[42S22]: Column not found: 1054 Unknown column 'created_at' in 'where clause'
[2025-09-05 16:13] ERROR: Error checking new data: SQLSTATE[42S22]: Column not found: 1054 Unknown column 'created_at' in 'where clause'
[2025-09-05 16:13] ERROR: Error checking new data: SQLSTATE[42S22]: Column not found: 1054 Unknown column 'created_at' in 'where clause'
[2025-09-05 16:13] ERROR: Error checking new data: SQLSTATE[42S22]: Column not found: 1054 Unknown column 'created_at' in 'where clause'
[2025-09-05 16:13] ERROR: Error checking new data: SQLSTATE[42S22]: Column not found: 1054 Unknown column 'created_at' in 'where clause'
[2025-09-05 16:13] ERROR: Error checking new data: SQLSTATE[42S22]: Column not found: 1054 Unknown column 'created_at' in 'where clause'
[2025-09-05 16:14] ERROR: Error checking new data: SQLSTATE[42S22]: Column not found: 1054 Unknown column 'created_at' in 'where clause'
[2025-09-05 16:14] ERROR: Error checking new data: SQLSTATE[42S22]: Column not found: 1054 Unknown column 'created_at' in 'where clause'
[2025-09-05 16:14] ERROR: Error checking new data: SQLSTATE[42S22]: Column not found: 1054 Unknown column 'created_at' in 'where clause'
[2025-09-05 16:14] ERROR: Error checking new data: SQLSTATE[42S22]: Column not found: 1054 Unknown column 'created_at' in 'where clause'
[2025-09-05 16:14] ERROR: Error checking new data: SQLSTATE[42S22]: Column not found: 1054 Unknown column 'created_at' in 'where clause'
[2025-09-05 16:14] ERROR: Error checking new data: SQLSTATE[42S22]: Column not found: 1054 Unknown column 'created_at' in 'where clause'
[2025-09-05 16:14] ERROR: Error checking new data: SQLSTATE[42S22]: Column not found: 1054 Unknown column 'created_at' in 'where clause'
[2025-09-05 16:15] ERROR: Error checking new data: SQLSTATE[42S22]: Column not found: 1054 Unknown column 'created_at' in 'where clause'
[2025-09-05 16:16] ERROR: Error checking new data: SQLSTATE[42S22]: Column not found: 1054 Unknown column 'created_at' in 'where clause'
[2025-09-05 16:16] ERROR: Error checking new data: SQLSTATE[42S22]: Column not found: 1054 Unknown column 'created_at' in 'where clause'
[2025-09-05 16:16] ERROR: Error checking new data: SQLSTATE[42S22]: Column not found: 1054 Unknown column 'created_at' in 'where clause'
[2025-09-05 16:16] ERROR: Error checking new data: SQLSTATE[42S22]: Column not found: 1054 Unknown column 'created_at' in 'where clause'
[2025-09-05 16:16] ERROR: Error checking new data: SQLSTATE[42S22]: Column not found: 1054 Unknown column 'created_at' in 'where clause'
[2025-09-05 16:16] ERROR: Error checking new data: SQLSTATE[42S22]: Column not found: 1054 Unknown column 'created_at' in 'where clause'
[2025-09-05 16:16] ERROR: Error checking new data: SQLSTATE[42S22]: Column not found: 1054 Unknown column 'created_at' in 'where clause'
[2025-09-05 16:16] ERROR: Error checking new data: SQLSTATE[42S22]: Column not found: 1054 Unknown column 'created_at' in 'where clause'
[2025-09-05 16:16] ERROR: Error checking new data: SQLSTATE[42S22]: Column not found: 1054 Unknown column 'created_at' in 'where clause'
[2025-09-05 16:16] ERROR: Error checking new data: SQLSTATE[42S22]: Column not found: 1054 Unknown column 'created_at' in 'where clause'
[2025-09-05 16:16] ERROR: Error checking new data: SQLSTATE[42S22]: Column not found: 1054 Unknown column 'created_at' in 'where clause'
[2025-09-05 16:16] ERROR: Error checking new data: SQLSTATE[42S22]: Column not found: 1054 Unknown column 'created_at' in 'where clause'
[2025-09-05 16:16] ERROR: Error retrieving pending attendance: SQLSTATE[42S22]: Column not found: 1054 Unknown column 'pa.created_at' in 'order clause'
[2025-09-05 16:16] ERROR: Error checking new data: SQLSTATE[42S22]: Column not found: 1054 Unknown column 'created_at' in 'where clause'
[2025-09-05 16:16] ERROR: Error checking new data: SQLSTATE[42S22]: Column not found: 1054 Unknown column 'created_at' in 'where clause'
[2025-09-05 16:16] ERROR: Error checking new data: SQLSTATE[42S22]: Column not found: 1054 Unknown column 'created_at' in 'where clause'
[2025-09-05 16:16] ERROR: Error checking new data: SQLSTATE[42S22]: Column not found: 1054 Unknown column 'created_at' in 'where clause'
[2025-09-05 16:16] ERROR: Error checking new data: SQLSTATE[42S22]: Column not found: 1054 Unknown column 'created_at' in 'where clause'
[2025-09-05 16:16] ERROR: Error checking new data: SQLSTATE[42S22]: Column not found: 1054 Unknown column 'created_at' in 'where clause'
[2025-09-05 16:16] ERROR: Error checking new data: SQLSTATE[42S22]: Column not found: 1054 Unknown column 'created_at' in 'where clause'
[2025-09-05 16:16] ERROR: Error checking new data: SQLSTATE[42S22]: Column not found: 1054 Unknown column 'created_at' in 'where clause'
[2025-09-05 16:16] ERROR: Error checking new data: SQLSTATE[42S22]: Column not found: 1054 Unknown column 'created_at' in 'where clause'
[2025-09-05 16:16] ERROR: Error checking new data: SQLSTATE[42S22]: Column not found: 1054 Unknown column 'created_at' in 'where clause'
[2025-09-05 16:16] ERROR: Error checking new data: SQLSTATE[42S22]: Column not found: 1054 Unknown column 'created_at' in 'where clause'
[2025-09-05 16:16] ERROR: Error checking new data: SQLSTATE[42S22]: Column not found: 1054 Unknown column 'created_at' in 'where clause'
[2025-09-05 16:16] ERROR: Error checking new data: SQLSTATE[42S22]: Column not found: 1054 Unknown column 'created_at' in 'where clause'
[2025-09-05 16:16] ERROR: Error checking new data: SQLSTATE[42S22]: Column not found: 1054 Unknown column 'created_at' in 'where clause'
[2025-09-05 16:16] ERROR: Error checking new data: SQLSTATE[42S22]: Column not found: 1054 Unknown column 'created_at' in 'where clause'
[2025-09-05 16:17] ERROR: Error checking new data: SQLSTATE[42S22]: Column not found: 1054 Unknown column 'created_at' in 'where clause'
[2025-09-05 16:17] ERROR: Error checking new data: SQLSTATE[42S22]: Column not found: 1054 Unknown column 'created_at' in 'where clause'
[2025-09-05 16:17] ERROR: Error checking new data: SQLSTATE[42S22]: Column not found: 1054 Unknown column 'created_at' in 'where clause'
[2025-09-05 16:17] ERROR: Error checking new data: SQLSTATE[42S22]: Column not found: 1054 Unknown column 'created_at' in 'where clause'
[2025-09-05 16:17] ERROR: Error checking new data: SQLSTATE[42S22]: Column not found: 1054 Unknown column 'created_at' in 'where clause'
[2025-09-05 16:17] ERROR: Error checking new data: SQLSTATE[42S22]: Column not found: 1054 Unknown column 'created_at' in 'where clause'
[2025-09-05 16:17] ERROR: Error checking new data: SQLSTATE[42S22]: Column not found: 1054 Unknown column 'created_at' in 'where clause'
[2025-09-05 16:17] ERROR: Error checking new data: SQLSTATE[42S22]: Column not found: 1054 Unknown column 'created_at' in 'where clause'
[2025-09-05 16:17] ERROR: Error checking new data: SQLSTATE[42S22]: Column not found: 1054 Unknown column 'created_at' in 'where clause'
[2025-09-05 16:17] ERROR: Error checking new data: SQLSTATE[42S22]: Column not found: 1054 Unknown column 'created_at' in 'where clause'
[2025-09-05 16:17] ERROR: Error checking new data: SQLSTATE[42S22]: Column not found: 1054 Unknown column 'created_at' in 'where clause'
[2025-09-05 16:17] ERROR: Error checking new data: SQLSTATE[42S22]: Column not found: 1054 Unknown column 'created_at' in 'where clause'
[2025-09-05 16:17] ERROR: Error checking new data: SQLSTATE[42S22]: Column not found: 1054 Unknown column 'created_at' in 'where clause'
[2025-09-05 16:17] ERROR: Error checking new data: SQLSTATE[42S22]: Column not found: 1054 Unknown column 'created_at' in 'where clause'
[2025-09-05 16:17] ERROR: Error checking new data: SQLSTATE[42S22]: Column not found: 1054 Unknown column 'created_at' in 'where clause'
[2025-09-05 16:17] ERROR: Error checking new data: SQLSTATE[42S22]: Column not found: 1054 Unknown column 'created_at' in 'where clause'
[2025-09-05 16:17] ERROR: Error checking new data: SQLSTATE[42S22]: Column not found: 1054 Unknown column 'created_at' in 'where clause'
[2025-09-05 16:17] ERROR: Error checking new data: SQLSTATE[42S22]: Column not found: 1054 Unknown column 'created_at' in 'where clause'
[2025-09-05 16:17] ERROR: Error checking new data: SQLSTATE[42S22]: Column not found: 1054 Unknown column 'created_at' in 'where clause'
[2025-09-05 16:18] ERROR: Error checking new data: SQLSTATE[42S22]: Column not found: 1054 Unknown column 'created_at' in 'where clause'
[2025-09-05 16:18] ERROR: Error checking new data: SQLSTATE[42S22]: Column not found: 1054 Unknown column 'created_at' in 'where clause'
[2025-09-05 16:18] ERROR: Error checking new data: SQLSTATE[42S22]: Column not found: 1054 Unknown column 'created_at' in 'where clause'
[2025-09-05 16:18] ERROR: Error checking new data: SQLSTATE[42S22]: Column not found: 1054 Unknown column 'created_at' in 'where clause'
[2025-09-05 16:18] ERROR: Error checking new data: SQLSTATE[42S22]: Column not found: 1054 Unknown column 'created_at' in 'where clause'
[2025-09-05 16:18] ERROR: Error checking new data: SQLSTATE[42S22]: Column not found: 1054 Unknown column 'created_at' in 'where clause'
[2025-09-05 16:18] ERROR: Error checking new data: SQLSTATE[42S22]: Column not found: 1054 Unknown column 'created_at' in 'where clause'
[2025-09-05 16:18] ERROR: Error checking new data: SQLSTATE[42S22]: Column not found: 1054 Unknown column 'created_at' in 'where clause'
[2025-09-05 16:18] ERROR: Error checking new data: SQLSTATE[42S22]: Column not found: 1054 Unknown column 'created_at' in 'where clause'
[2025-09-05 16:18] ERROR: Error checking new data: SQLSTATE[42S22]: Column not found: 1054 Unknown column 'created_at' in 'where clause'
[2025-09-05 16:18] ERROR: Error checking new data: SQLSTATE[42S22]: Column not found: 1054 Unknown column 'created_at' in 'where clause'
[2025-09-05 16:18] ERROR: Error checking new data: SQLSTATE[42S22]: Column not found: 1054 Unknown column 'created_at' in 'where clause'
[2025-09-05 16:18] ERROR: Error checking new data: SQLSTATE[42S22]: Column not found: 1054 Unknown column 'created_at' in 'where clause'
[2025-09-05 16:18] ERROR: Error checking new data: SQLSTATE[42S22]: Column not found: 1054 Unknown column 'created_at' in 'where clause'
[2025-09-05 16:18] ERROR: Error checking new data: SQLSTATE[42S22]: Column not found: 1054 Unknown column 'created_at' in 'where clause'
[2025-09-05 16:18] ERROR: Error checking new data: SQLSTATE[42S22]: Column not found: 1054 Unknown column 'created_at' in 'where clause'
[2025-09-05 16:18] ERROR: Error checking new data: SQLSTATE[42S22]: Column not found: 1054 Unknown column 'created_at' in 'where clause'
[2025-09-05 16:18] ERROR: Error checking new data: SQLSTATE[42S22]: Column not found: 1054 Unknown column 'created_at' in 'where clause'
[2025-09-05 16:18] ERROR: Error checking new data: SQLSTATE[42S22]: Column not found: 1054 Unknown column 'created_at' in 'where clause'
[2025-09-05 16:18] ERROR: Error checking new data: SQLSTATE[42S22]: Column not found: 1054 Unknown column 'created_at' in 'where clause'
[2025-09-05 16:18] ERROR: Error checking new data: SQLSTATE[42S22]: Column not found: 1054 Unknown column 'created_at' in 'where clause'
[2025-09-05 16:18] ERROR: Error checking new data: SQLSTATE[42S22]: Column not found: 1054 Unknown column 'created_at' in 'where clause'
[2025-09-05 16:18] ERROR: Error checking new data: SQLSTATE[42S22]: Column not found: 1054 Unknown column 'created_at' in 'where clause'
[2025-09-05 16:19] ERROR: Error checking new data: SQLSTATE[42S22]: Column not found: 1054 Unknown column 'created_at' in 'where clause'
[2025-09-05 16:19] ERROR: Error checking new data: SQLSTATE[42S22]: Column not found: 1054 Unknown column 'created_at' in 'where clause'
[2025-09-05 16:19] ERROR: Error checking new data: SQLSTATE[42S22]: Column not found: 1054 Unknown column 'created_at' in 'where clause'
[2025-09-05 16:19] ERROR: Error checking new data: SQLSTATE[42S22]: Column not found: 1054 Unknown column 'created_at' in 'where clause'
[2025-09-05 16:19] ERROR: Error checking new data: SQLSTATE[42S22]: Column not found: 1054 Unknown column 'created_at' in 'where clause'
[2025-09-05 16:19] ERROR: Error checking new data: SQLSTATE[42S22]: Column not found: 1054 Unknown column 'created_at' in 'where clause'
[2025-09-05 16:19] ERROR: Error checking new data: SQLSTATE[42S22]: Column not found: 1054 Unknown column 'created_at' in 'where clause'
[2025-09-05 16:19] ERROR: Error checking new data: SQLSTATE[42S22]: Column not found: 1054 Unknown column 'created_at' in 'where clause'
[2025-09-05 16:19] ERROR: Error checking new data: SQLSTATE[42S22]: Column not found: 1054 Unknown column 'created_at' in 'where clause'
[2025-09-05 16:20] ERROR: Error checking new data: SQLSTATE[42S22]: Column not found: 1054 Unknown column 'created_at' in 'where clause'
[2025-09-05 16:20] ERROR: Error checking new data: SQLSTATE[42S22]: Column not found: 1054 Unknown column 'created_at' in 'where clause'
[2025-09-05 16:20] ERROR: Error checking new data: SQLSTATE[42S22]: Column not found: 1054 Unknown column 'created_at' in 'where clause'
[2025-09-05 16:20] ERROR: Error checking new data: SQLSTATE[42S22]: Column not found: 1054 Unknown column 'created_at' in 'where clause'
[2025-09-05 16:20] ERROR: Error checking new data: SQLSTATE[42S22]: Column not found: 1054 Unknown column 'created_at' in 'where clause'
[2025-09-05 16:20] ERROR: Error checking new data: SQLSTATE[42S22]: Column not found: 1054 Unknown column 'created_at' in 'where clause'
[2025-09-05 16:20] ERROR: Error checking new data: SQLSTATE[42S22]: Column not found: 1054 Unknown column 'created_at' in 'where clause'
[2025-09-05 16:20] ERROR: Error checking new data: SQLSTATE[42S22]: Column not found: 1054 Unknown column 'created_at' in 'where clause'
[2025-09-05 16:20] ERROR: Error retrieving pending attendance: SQLSTATE[42S22]: Column not found: 1054 Unknown column 'pa.created_at' in 'order clause'
[2025-09-05 16:20] ERROR: Error checking new data: SQLSTATE[42S22]: Column not found: 1054 Unknown column 'created_at' in 'where clause'
[2025-09-05 16:20] ERROR: Error checking new data: SQLSTATE[42S22]: Column not found: 1054 Unknown column 'created_at' in 'where clause'
[2025-09-05 16:20] ERROR: Error checking new data: SQLSTATE[42S22]: Column not found: 1054 Unknown column 'created_at' in 'where clause'
[2025-09-05 16:21] ERROR: Error checking new data: SQLSTATE[42S22]: Column not found: 1054 Unknown column 'created_at' in 'where clause'
[2025-09-05 16:21] ERROR: Error checking new data: SQLSTATE[42S22]: Column not found: 1054 Unknown column 'created_at' in 'where clause'
[2025-09-05 16:21] ERROR: Error checking new data: SQLSTATE[42S22]: Column not found: 1054 Unknown column 'created_at' in 'where clause'
[2025-09-05 16:21] ERROR: Error checking new data: SQLSTATE[42S22]: Column not found: 1054 Unknown column 'created_at' in 'where clause'
[2025-09-05 16:21] ERROR: Error checking new data: SQLSTATE[42S22]: Column not found: 1054 Unknown column 'created_at' in 'where clause'
[2025-09-05 16:21] ERROR: Error checking new data: SQLSTATE[42S22]: Column not found: 1054 Unknown column 'created_at' in 'where clause'
[2025-09-05 16:21] ERROR: Error checking new data: SQLSTATE[42S22]: Column not found: 1054 Unknown column 'created_at' in 'where clause'
[2025-09-05 16:21] ERROR: Error checking new data: SQLSTATE[42S22]: Column not found: 1054 Unknown column 'created_at' in 'where clause'
[2025-09-05 16:21] ERROR: Error checking new data: SQLSTATE[42S22]: Column not found: 1054 Unknown column 'created_at' in 'where clause'
[2025-09-05 16:21] ERROR: Error checking new data: SQLSTATE[42S22]: Column not found: 1054 Unknown column 'created_at' in 'where clause'
[2025-09-05 16:21] ERROR: Error checking new data: SQLSTATE[42S22]: Column not found: 1054 Unknown column 'created_at' in 'where clause'
[2025-09-05 16:21] ERROR: Error checking new data: SQLSTATE[42S22]: Column not found: 1054 Unknown column 'created_at' in 'where clause'
[2025-09-05 16:21] ERROR: Error checking new data: SQLSTATE[42S22]: Column not found: 1054 Unknown column 'created_at' in 'where clause'
[2025-09-05 16:21] ERROR: Error checking new data: SQLSTATE[42S22]: Column not found: 1054 Unknown column 'created_at' in 'where clause'
[2025-09-05 16:21] ERROR: Error checking new data: SQLSTATE[42S22]: Column not found: 1054 Unknown column 'created_at' in 'where clause'
[2025-09-05 16:21] ERROR: Error checking new data: SQLSTATE[42S22]: Column not found: 1054 Unknown column 'created_at' in 'where clause'
[2025-09-05 16:21] ERROR: Error checking new data: SQLSTATE[42S22]: Column not found: 1054 Unknown column 'created_at' in 'where clause'
[2025-09-05 16:21] ERROR: Error checking new data: SQLSTATE[42S22]: Column not found: 1054 Unknown column 'created_at' in 'where clause'
[2025-09-05 16:21] ERROR: Error checking new data: SQLSTATE[42S22]: Column not found: 1054 Unknown column 'created_at' in 'where clause'
[2025-09-05 16:21] ERROR: Error checking new data: SQLSTATE[42S22]: Column not found: 1054 Unknown column 'created_at' in 'where clause'
[2025-09-05 16:21] ERROR: Error checking new data: SQLSTATE[42S22]: Column not found: 1054 Unknown column 'created_at' in 'where clause'
[2025-09-05 16:21] ERROR: Error retrieving pending attendance: SQLSTATE[42S22]: Column not found: 1054 Unknown column 'pa.created_at' in 'order clause'
[2025-09-05 16:21] ERROR: Error checking new data: SQLSTATE[42S22]: Column not found: 1054 Unknown column 'created_at' in 'where clause'
[2025-09-05 16:21] ERROR: Error checking new data: SQLSTATE[42S22]: Column not found: 1054 Unknown column 'created_at' in 'where clause'
[2025-09-05 16:21] ERROR: Error checking new data: SQLSTATE[42S22]: Column not found: 1054 Unknown column 'created_at' in 'where clause'
[2025-09-05 16:21] ERROR: Error checking new data: SQLSTATE[42S22]: Column not found: 1054 Unknown column 'created_at' in 'where clause'
[2025-09-05 16:21] ERROR: Error checking new data: SQLSTATE[42S22]: Column not found: 1054 Unknown column 'created_at' in 'where clause'
[2025-09-05 16:21] ERROR: Error checking new data: SQLSTATE[42S22]: Column not found: 1054 Unknown column 'created_at' in 'where clause'
[2025-09-05 16:22] ERROR: Error checking new data: SQLSTATE[42S22]: Column not found: 1054 Unknown column 'created_at' in 'where clause'
[2025-09-05 16:22] ERROR: Error checking new data: SQLSTATE[42S22]: Column not found: 1054 Unknown column 'created_at' in 'where clause'
[2025-09-05 16:22] ERROR: Error checking new data: SQLSTATE[42S22]: Column not found: 1054 Unknown column 'created_at' in 'where clause'
[2025-09-05 16:22] ERROR: Error checking new data: SQLSTATE[42S22]: Column not found: 1054 Unknown column 'created_at' in 'where clause'
[2025-09-05 16:22] ERROR: Error checking new data: SQLSTATE[42S22]: Column not found: 1054 Unknown column 'created_at' in 'where clause'
[2025-09-05 16:22] ERROR: Error checking new data: SQLSTATE[42S22]: Column not found: 1054 Unknown column 'created_at' in 'where clause'
[2025-09-05 16:22] ERROR: Error checking new data: SQLSTATE[42S22]: Column not found: 1054 Unknown column 'created_at' in 'where clause'
[2025-09-05 16:22] ERROR: Error checking new data: SQLSTATE[42S22]: Column not found: 1054 Unknown column 'created_at' in 'where clause'
[2025-09-05 16:22] ERROR: Error checking new data: SQLSTATE[42S22]: Column not found: 1054 Unknown column 'created_at' in 'where clause'
[2025-09-05 16:22] ERROR: Error checking new data: SQLSTATE[42S22]: Column not found: 1054 Unknown column 'created_at' in 'where clause'
[2025-09-05 16:22] ERROR: Error checking new data: SQLSTATE[42S22]: Column not found: 1054 Unknown column 'created_at' in 'where clause'
[2025-09-05 16:22] ERROR: Error checking new data: SQLSTATE[42S22]: Column not found: 1054 Unknown column 'created_at' in 'where clause'
[2025-09-05 16:22] ERROR: Error checking new data: SQLSTATE[42S22]: Column not found: 1054 Unknown column 'created_at' in 'where clause'
[2025-09-05 16:22] ERROR: Error checking new data: SQLSTATE[42S22]: Column not found: 1054 Unknown column 'created_at' in 'where clause'
[2025-09-05 16:22] ERROR: Error checking new data: SQLSTATE[42S22]: Column not found: 1054 Unknown column 'created_at' in 'where clause'
[2025-09-05 16:22] ERROR: Error checking new data: SQLSTATE[42S22]: Column not found: 1054 Unknown column 'created_at' in 'where clause'
[2025-09-05 16:22] ERROR: Error checking new data: SQLSTATE[42S22]: Column not found: 1054 Unknown column 'created_at' in 'where clause'
[2025-09-05 16:22] ERROR: Error checking new data: SQLSTATE[42S22]: Column not found: 1054 Unknown column 'created_at' in 'where clause'
[2025-09-05 16:22] ERROR: Error checking new data: SQLSTATE[42S22]: Column not found: 1054 Unknown column 'created_at' in 'where clause'
[2025-09-05 16:22] ERROR: Error checking new data: SQLSTATE[42S22]: Column not found: 1054 Unknown column 'created_at' in 'where clause'
[2025-09-05 16:22] ERROR: Error checking new data: SQLSTATE[42S22]: Column not found: 1054 Unknown column 'created_at' in 'where clause'
[2025-09-05 16:22] ERROR: Error checking new data: SQLSTATE[42S22]: Column not found: 1054 Unknown column 'created_at' in 'where clause'
[2025-09-05 16:22] ERROR: Error checking new data: SQLSTATE[42S22]: Column not found: 1054 Unknown column 'created_at' in 'where clause'
[2025-09-05 16:22] ERROR: Error checking new data: SQLSTATE[42S22]: Column not found: 1054 Unknown column 'created_at' in 'where clause'
[2025-09-05 16:23] ERROR: Error checking new data: SQLSTATE[42S22]: Column not found: 1054 Unknown column 'created_at' in 'where clause'
[2025-09-05 16:23] ERROR: Error checking new data: SQLSTATE[42S22]: Column not found: 1054 Unknown column 'created_at' in 'where clause'
[2025-09-05 16:23] ERROR: Error checking new data: SQLSTATE[42S22]: Column not found: 1054 Unknown column 'created_at' in 'where clause'
[2025-09-05 16:23] ERROR: Error checking new data: SQLSTATE[42S22]: Column not found: 1054 Unknown column 'created_at' in 'where clause'
[2025-09-05 16:23] ERROR: Error checking new data: SQLSTATE[42S22]: Column not found: 1054 Unknown column 'created_at' in 'where clause'
[2025-09-05 16:23] ERROR: Error checking new data: SQLSTATE[42S22]: Column not found: 1054 Unknown column 'created_at' in 'where clause'
[2025-09-05 16:23] ERROR: Error checking new data: SQLSTATE[42S22]: Column not found: 1054 Unknown column 'created_at' in 'where clause'
[2025-09-05 16:23] ERROR: Error checking new data: SQLSTATE[42S22]: Column not found: 1054 Unknown column 'created_at' in 'where clause'
[2025-09-05 16:23] ERROR: Error checking new data: SQLSTATE[42S22]: Column not found: 1054 Unknown column 'created_at' in 'where clause'
[2025-09-05 16:23] ERROR: Error checking new data: SQLSTATE[42S22]: Column not found: 1054 Unknown column 'created_at' in 'where clause'
[2025-09-05 16:23] ERROR: Error checking new data: SQLSTATE[42S22]: Column not found: 1054 Unknown column 'created_at' in 'where clause'
[2025-09-05 16:24] ERROR: Error checking new data: SQLSTATE[42S22]: Column not found: 1054 Unknown column 'created_at' in 'where clause'
[2025-09-05 16:25] ERROR: Error checking new data: SQLSTATE[42S22]: Column not found: 1054 Unknown column 'created_at' in 'where clause'
[2025-09-05 16:25] ERROR: Error checking new data: SQLSTATE[42S22]: Column not found: 1054 Unknown column 'created_at' in 'where clause'
[2025-09-05 16:25] ERROR: Error checking new data: SQLSTATE[42S22]: Column not found: 1054 Unknown column 'created_at' in 'where clause'
[2025-09-05 16:25] ERROR: Error checking new data: SQLSTATE[42S22]: Column not found: 1054 Unknown column 'created_at' in 'where clause'
[2025-09-05 16:25] ERROR: Error checking new data: SQLSTATE[42S22]: Column not found: 1054 Unknown column 'created_at' in 'where clause'
[2025-09-05 16:25] ERROR: Error checking new data: SQLSTATE[42S22]: Column not found: 1054 Unknown column 'created_at' in 'where clause'
[2025-09-05 16:25] ERROR: Error checking new data: SQLSTATE[42S22]: Column not found: 1054 Unknown column 'created_at' in 'where clause'
[2025-09-05 16:25] ERROR: Error checking new data: SQLSTATE[42S22]: Column not found: 1054 Unknown column 'created_at' in 'where clause'
[2025-09-05 16:25] ERROR: Error checking new data: SQLSTATE[42S22]: Column not found: 1054 Unknown column 'created_at' in 'where clause'
[2025-09-05 16:25] ERROR: Error checking new data: SQLSTATE[42S22]: Column not found: 1054 Unknown column 'created_at' in 'where clause'
[2025-09-05 16:25] ERROR: Error checking new data: SQLSTATE[42S22]: Column not found: 1054 Unknown column 'created_at' in 'where clause'
[2025-09-05 16:25] ERROR: Error checking new data: SQLSTATE[42S22]: Column not found: 1054 Unknown column 'created_at' in 'where clause'
[2025-09-05 16:25] ERROR: Error checking new data: SQLSTATE[42S22]: Column not found: 1054 Unknown column 'created_at' in 'where clause'
[2025-09-05 16:26] ERROR: Error checking new data: SQLSTATE[42S22]: Column not found: 1054 Unknown column 'created_at' in 'where clause'
[2025-09-05 16:26] ERROR: Error checking new data: SQLSTATE[42S22]: Column not found: 1054 Unknown column 'created_at' in 'where clause'
[2025-09-05 16:26] ERROR: Error checking new data: SQLSTATE[42S22]: Column not found: 1054 Unknown column 'created_at' in 'where clause'
[2025-09-05 16:26] ERROR: Error checking new data: SQLSTATE[42S22]: Column not found: 1054 Unknown column 'created_at' in 'where clause'
[2025-09-05 16:26] ERROR: Error checking new data: SQLSTATE[42S22]: Column not found: 1054 Unknown column 'created_at' in 'where clause'
[2025-09-05 16:26] ERROR: Error checking new data: SQLSTATE[42S22]: Column not found: 1054 Unknown column 'created_at' in 'where clause'
[2025-09-05 16:26] ERROR: Error checking new data: SQLSTATE[42S22]: Column not found: 1054 Unknown column 'created_at' in 'where clause'
[2025-09-05 16:26] ERROR: Error checking new data: SQLSTATE[42S22]: Column not found: 1054 Unknown column 'created_at' in 'where clause'
[2025-09-05 16:26] ERROR: Error checking new data: SQLSTATE[42S22]: Column not found: 1054 Unknown column 'created_at' in 'where clause'
[2025-09-05 16:26] ERROR: Error checking new data: SQLSTATE[42S22]: Column not found: 1054 Unknown column 'created_at' in 'where clause'
[2025-09-05 16:26] ERROR: Error checking new data: SQLSTATE[42S22]: Column not found: 1054 Unknown column 'created_at' in 'where clause'
[2025-09-05 16:26] ERROR: Error checking new data: SQLSTATE[42S22]: Column not found: 1054 Unknown column 'created_at' in 'where clause'
[2025-09-05 16:26] ERROR: Error checking new data: SQLSTATE[42S22]: Column not found: 1054 Unknown column 'created_at' in 'where clause'
[2025-09-05 16:27] ERROR: Error checking new data: SQLSTATE[42S22]: Column not found: 1054 Unknown column 'created_at' in 'where clause'
[2025-09-05 16:27] ERROR: Error checking new data: SQLSTATE[42S22]: Column not found: 1054 Unknown column 'created_at' in 'where clause'
[2025-09-05 16:27] ERROR: Error checking new data: SQLSTATE[42S22]: Column not found: 1054 Unknown column 'created_at' in 'where clause'
[2025-09-05 16:27] ERROR: Error checking new data: SQLSTATE[42S22]: Column not found: 1054 Unknown column 'created_at' in 'where clause'
[2025-09-05 16:27] ERROR: Error checking new data: SQLSTATE[42S22]: Column not found: 1054 Unknown column 'created_at' in 'where clause'
[2025-09-05 16:27] ERROR: Error checking new data: SQLSTATE[42S22]: Column not found: 1054 Unknown column 'created_at' in 'where clause'
[2025-09-05 16:27] ERROR: Error checking new data: SQLSTATE[42S22]: Column not found: 1054 Unknown column 'created_at' in 'where clause'
[2025-09-05 16:27] ERROR: Error checking new data: SQLSTATE[42S22]: Column not found: 1054 Unknown column 'created_at' in 'where clause'
[2025-09-05 16:27] ERROR: Error checking new data: SQLSTATE[42S22]: Column not found: 1054 Unknown column 'created_at' in 'where clause'
[2025-09-05 16:27] ERROR: Error checking new data: SQLSTATE[42S22]: Column not found: 1054 Unknown column 'created_at' in 'where clause'
[2025-09-05 16:27] ERROR: Error checking new data: SQLSTATE[42S22]: Column not found: 1054 Unknown column 'created_at' in 'where clause'
[2025-09-05 16:27] ERROR: Error checking new data: SQLSTATE[42S22]: Column not found: 1054 Unknown column 'created_at' in 'where clause'
[2025-09-05 16:27] ERROR: Error checking new data: SQLSTATE[42S22]: Column not found: 1054 Unknown column 'created_at' in 'where clause'
[2025-09-05 16:28] ERROR: Error checking new data: SQLSTATE[42S22]: Column not found: 1054 Unknown column 'created_at' in 'where clause'
[2025-09-05 16:28] ERROR: Error checking new data: SQLSTATE[42S22]: Column not found: 1054 Unknown column 'wr.submitted_at' in 'where clause'
[2025-09-05 16:28] ERROR: Error checking new data: SQLSTATE[42S22]: Column not found: 1054 Unknown column 'wr.submitted_at' in 'where clause'
[2025-09-05 16:28] ERROR: Error checking new data: SQLSTATE[42S22]: Column not found: 1054 Unknown column 'wr.submitted_at' in 'where clause'
[2025-09-05 16:28] ERROR: Error checking new data: SQLSTATE[42S22]: Column not found: 1054 Unknown column 'wr.submitted_at' in 'where clause'
[2025-09-05 16:28] ERROR: Error checking new data: SQLSTATE[42S22]: Column not found: 1054 Unknown column 'wr.submitted_at' in 'where clause'
[2025-09-05 16:28] ERROR: Error checking new data: SQLSTATE[42S22]: Column not found: 1054 Unknown column 'wr.submitted_at' in 'where clause'
[2025-09-05 16:28] ERROR: Error checking new data: SQLSTATE[42S22]: Column not found: 1054 Unknown column 'wr.submitted_at' in 'where clause'
[2025-09-05 16:28] ERROR: Error checking new data: SQLSTATE[42S22]: Column not found: 1054 Unknown column 'wr.submitted_at' in 'where clause'
[2025-09-05 16:28] ERROR: Error checking new data: SQLSTATE[42S22]: Column not found: 1054 Unknown column 'wr.submitted_at' in 'where clause'
[2025-09-05 16:28] ERROR: Error checking new data: SQLSTATE[42S22]: Column not found: 1054 Unknown column 'wr.submitted_at' in 'where clause'
[2025-09-05 16:28] ERROR: Error checking new data: SQLSTATE[42S22]: Column not found: 1054 Unknown column 'wr.submitted_at' in 'where clause'
[2025-09-05 16:28] ERROR: Error checking new data: SQLSTATE[42S22]: Column not found: 1054 Unknown column 'wr.submitted_at' in 'where clause'
[2025-09-05 16:28] ERROR: Error checking new data: SQLSTATE[42S22]: Column not found: 1054 Unknown column 'wr.submitted_at' in 'where clause'
[2025-09-05 16:28] ERROR: Error checking new data: SQLSTATE[42S22]: Column not found: 1054 Unknown column 'wr.submitted_at' in 'where clause'
[2025-09-05 16:28] ERROR: Error checking new data: SQLSTATE[42S22]: Column not found: 1054 Unknown column 'wr.submitted_at' in 'where clause'
[2025-09-05 16:28] ERROR: Error checking new data: SQLSTATE[42S22]: Column not found: 1054 Unknown column 'wr.submitted_at' in 'where clause'
[2025-09-05 16:29] ERROR: Error checking new data: SQLSTATE[42S22]: Column not found: 1054 Unknown column 'wr.submitted_at' in 'where clause'
[2025-09-05 16:29] ERROR: Error checking new data: SQLSTATE[42S22]: Column not found: 1054 Unknown column 'wr.submitted_at' in 'where clause'
[2025-09-05 16:29] ERROR: Error checking new data: SQLSTATE[42S22]: Column not found: 1054 Unknown column 'wr.submitted_at' in 'where clause'
[2025-09-05 16:29] ERROR: Error checking new data: SQLSTATE[42S22]: Column not found: 1054 Unknown column 'wr.submitted_at' in 'where clause'
[2025-09-05 16:29] ERROR: Error checking new data: SQLSTATE[42S22]: Column not found: 1054 Unknown column 'wr.submitted_at' in 'where clause'
[2025-09-05 16:29] ERROR: Error checking new data: SQLSTATE[42S22]: Column not found: 1054 Unknown column 'wr.submitted_at' in 'where clause'
[2025-09-05 16:29] ERROR: Error checking new data: SQLSTATE[42S22]: Column not found: 1054 Unknown column 'wr.submitted_at' in 'where clause'
[2025-09-05 16:29] ERROR: Error checking new data: SQLSTATE[42S22]: Column not found: 1054 Unknown column 'wr.submitted_at' in 'where clause'
[2025-09-05 16:29] ERROR: Error checking new data: SQLSTATE[42S22]: Column not found: 1054 Unknown column 'wr.submitted_at' in 'where clause'
[2025-09-05 16:29] ERROR: Error checking new data: SQLSTATE[42S22]: Column not found: 1054 Unknown column 'wr.submitted_at' in 'where clause'
[2025-09-05 16:29] ERROR: Error checking new data: SQLSTATE[42S22]: Column not found: 1054 Unknown column 'wr.submitted_at' in 'where clause'
[2025-09-05 16:29] ERROR: Error checking new data: SQLSTATE[42S22]: Column not found: 1054 Unknown column 'wr.submitted_at' in 'where clause'
[2025-09-05 16:29] ERROR: Error checking new data: SQLSTATE[42S22]: Column not found: 1054 Unknown column 'wr.submitted_at' in 'where clause'
[2025-09-05 16:29] ERROR: Error checking new data: SQLSTATE[42S22]: Column not found: 1054 Unknown column 'wr.submitted_at' in 'where clause'
[2025-09-05 16:29] ERROR: Error checking new data: SQLSTATE[42S22]: Column not found: 1054 Unknown column 'wr.submitted_at' in 'where clause'
[2025-09-05 16:29] ERROR: Error checking new data: SQLSTATE[42S22]: Column not found: 1054 Unknown column 'wr.submitted_at' in 'where clause'
[2025-09-05 16:29] ERROR: Error checking new data: SQLSTATE[42S22]: Column not found: 1054 Unknown column 'wr.submitted_at' in 'where clause'
[2025-09-05 16:29] ERROR: Error checking new data: SQLSTATE[42S22]: Column not found: 1054 Unknown column 'wr.submitted_at' in 'where clause'
[2025-09-05 16:29] ERROR: Error checking new data: SQLSTATE[42S22]: Column not found: 1054 Unknown column 'wr.submitted_at' in 'where clause'
[2025-09-05 16:29] ERROR: Error checking new data: SQLSTATE[42S22]: Column not found: 1054 Unknown column 'wr.submitted_at' in 'where clause'
[2025-09-05 16:29] ERROR: Error checking new data: SQLSTATE[42S22]: Column not found: 1054 Unknown column 'wr.submitted_at' in 'where clause'
[2025-09-05 16:29] ERROR: Error checking new data: SQLSTATE[42S22]: Column not found: 1054 Unknown column 'wr.submitted_at' in 'where clause'
[2025-09-05 16:29] ERROR: Error checking new data: SQLSTATE[42S22]: Column not found: 1054 Unknown column 'wr.submitted_at' in 'where clause'
[2025-09-05 16:29] ERROR: Error checking new data: SQLSTATE[42S22]: Column not found: 1054 Unknown column 'wr.submitted_at' in 'where clause'
[2025-09-05 16:30] ERROR: Error checking new data: SQLSTATE[42S22]: Column not found: 1054 Unknown column 'wr.submitted_at' in 'where clause'
[2025-09-05 16:30] ERROR: Error checking new data: SQLSTATE[42S22]: Column not found: 1054 Unknown column 'wr.submitted_at' in 'where clause'
[2025-09-05 16:30] ERROR: Error checking new data: SQLSTATE[42S22]: Column not found: 1054 Unknown column 'wr.submitted_at' in 'where clause'
[2025-09-05 16:30] ERROR: Error checking new data: SQLSTATE[42S22]: Column not found: 1054 Unknown column 'wr.submitted_at' in 'where clause'
[2025-09-05 16:30] ERROR: Error checking new data: SQLSTATE[42S22]: Column not found: 1054 Unknown column 'wr.submitted_at' in 'where clause'
[2025-09-05 16:30] ERROR: Error checking new data: SQLSTATE[42S22]: Column not found: 1054 Unknown column 'wr.submitted_at' in 'where clause'
[2025-09-05 16:30] ERROR: Error checking new data: SQLSTATE[42S22]: Column not found: 1054 Unknown column 'wr.submitted_at' in 'where clause'
[2025-09-05 16:30] ERROR: Error checking new data: SQLSTATE[42S22]: Column not found: 1054 Unknown column 'wr.submitted_at' in 'where clause'
[2025-09-05 16:30] ERROR: Error checking new data: SQLSTATE[42S22]: Column not found: 1054 Unknown column 'wr.submitted_at' in 'where clause'
[2025-09-05 16:30] ERROR: Error checking new data: SQLSTATE[42S22]: Column not found: 1054 Unknown column 'wr.submitted_at' in 'where clause'
[2025-09-05 16:30] ERROR: Error checking new data: SQLSTATE[42S22]: Column not found: 1054 Unknown column 'wr.submitted_at' in 'where clause'
[2025-09-05 16:30] ERROR: Error checking new data: SQLSTATE[42S22]: Column not found: 1054 Unknown column 'wr.submitted_at' in 'where clause'
[2025-09-05 16:30] ERROR: Error checking new data: SQLSTATE[42S22]: Column not found: 1054 Unknown column 'wr.submitted_at' in 'where clause'
[2025-09-05 16:30] ERROR: Error checking new data: SQLSTATE[42S22]: Column not found: 1054 Unknown column 'wr.submitted_at' in 'where clause'
[2025-09-05 16:30] ERROR: Error checking new data: SQLSTATE[42S22]: Column not found: 1054 Unknown column 'wr.submitted_at' in 'where clause'
[2025-09-05 16:30] ERROR: Error checking new data: SQLSTATE[42S22]: Column not found: 1054 Unknown column 'wr.submitted_at' in 'where clause'
[2025-09-05 16:30] ERROR: Error checking new data: SQLSTATE[42S22]: Column not found: 1054 Unknown column 'wr.submitted_at' in 'where clause'
[2025-09-05 16:30] ERROR: Error checking new data: SQLSTATE[42S22]: Column not found: 1054 Unknown column 'wr.submitted_at' in 'where clause'
[2025-09-05 16:31] ERROR: Error checking new data: SQLSTATE[42S22]: Column not found: 1054 Unknown column 'wr.submitted_at' in 'where clause'
[2025-09-22 14:05] ERROR: Error retrieving students for coordinator: SQLSTATE[42S02]: Base table or view not found: 1146 Table 'attendancetrackernp.student' doesn't exist
[2025-09-23 17:15] ERROR: Error retrieving student list: SQLSTATE[42S02]: Base table or view not found: 1146 Table 'attendancetrackernp.student' doesn't exist
[2025-09-23 17:15] ERROR: Error retrieving student list: SQLSTATE[42S02]: Base table or view not found: 1146 Table 'attendancetrackernp.student' doesn't exist
[2025-09-23 17:15] ERROR: Error retrieving student list: SQLSTATE[42S02]: Base table or view not found: 1146 Table 'attendancetrackernp.student' doesn't exist
[2025-09-23 17:16] ERROR: Error retrieving student list: SQLSTATE[42S02]: Base table or view not found: 1146 Table 'attendancetrackernp.student' doesn't exist
[2025-09-23 17:17] ERROR: Error retrieving student list: SQLSTATE[42S02]: Base table or view not found: 1146 Table 'attendancetrackernp.student' doesn't exist
[2025-09-23 17:17] ERROR: Error retrieving student list: SQLSTATE[42S02]: Base table or view not found: 1146 Table 'attendancetrackernp.student' doesn't exist
[2025-09-23 17:17] ERROR: Error retrieving student list: SQLSTATE[42S02]: Base table or view not found: 1146 Table 'attendancetrackernp.student' doesn't exist
[2025-09-23 17:17] ERROR: Error retrieving student list: SQLSTATE[42S02]: Base table or view not found: 1146 Table 'attendancetrackernp.student' doesn't exist
[2025-09-23 17:17] ERROR: Error retrieving student list: SQLSTATE[42S02]: Base table or view not found: 1146 Table 'attendancetrackernp.student' doesn't exist
[2025-09-23 17:17] ERROR: Error retrieving student list: SQLSTATE[42S02]: Base table or view not found: 1146 Table 'attendancetrackernp.student' doesn't exist
[2025-09-23 17:17] ERROR: Error retrieving student list: SQLSTATE[42S02]: Base table or view not found: 1146 Table 'attendancetrackernp.student' doesn't exist
[2025-09-23 17:17] ERROR: Error retrieving student list: SQLSTATE[42S02]: Base table or view not found: 1146 Table 'attendancetrackernp.student' doesn't exist
[2025-09-23 17:17] ERROR: Error retrieving student list: SQLSTATE[42S02]: Base table or view not found: 1146 Table 'attendancetrackernp.student' doesn't exist
[2025-09-23 17:17] ERROR: Error retrieving student list: SQLSTATE[42S02]: Base table or view not found: 1146 Table 'attendancetrackernp.student' doesn't exist
[2025-09-23 17:17] ERROR: Error retrieving student list: SQLSTATE[42S02]: Base table or view not found: 1146 Table 'attendancetrackernp.student' doesn't exist
[2025-09-23 17:17] ERROR: Error retrieving student list: SQLSTATE[42S02]: Base table or view not found: 1146 Table 'attendancetrackernp.student' doesn't exist
[2025-09-23 17:17] ERROR: Error retrieving student list: SQLSTATE[42S02]: Base table or view not found: 1146 Table 'attendancetrackernp.student' doesn't exist
[2025-09-23 17:17] ERROR: Error retrieving student list: SQLSTATE[42S02]: Base table or view not found: 1146 Table 'attendancetrackernp.student' doesn't exist
[2025-09-23 17:17] ERROR: Error retrieving student list: SQLSTATE[42S02]: Base table or view not found: 1146 Table 'attendancetrackernp.student' doesn't exist
[2025-09-23 17:17] ERROR: Error retrieving student list: SQLSTATE[42S02]: Base table or view not found: 1146 Table 'attendancetrackernp.student' doesn't exist
[2025-09-23 17:17] ERROR: Error retrieving student list: SQLSTATE[42S02]: Base table or view not found: 1146 Table 'attendancetrackernp.student' doesn't exist
[2025-09-23 17:17] ERROR: Error retrieving student list: SQLSTATE[42S02]: Base table or view not found: 1146 Table 'attendancetrackernp.student' doesn't exist
[2025-09-23 17:17] ERROR: Error retrieving student list: SQLSTATE[42S02]: Base table or view not found: 1146 Table 'attendancetrackernp.student' doesn't exist
[2025-09-23 17:17] ERROR: Error retrieving student list: SQLSTATE[42S02]: Base table or view not found: 1146 Table 'attendancetrackernp.student' doesn't exist
[2025-09-23 17:17] ERROR: Error retrieving student list: SQLSTATE[42S02]: Base table or view not found: 1146 Table 'attendancetrackernp.student' doesn't exist
[2025-09-23 17:17] ERROR: Error retrieving student list: SQLSTATE[42S02]: Base table or view not found: 1146 Table 'attendancetrackernp.student' doesn't exist
[2025-09-23 17:17] ERROR: Error retrieving student list: SQLSTATE[42S02]: Base table or view not found: 1146 Table 'attendancetrackernp.student' doesn't exist
[2025-09-23 17:17] ERROR: Error retrieving student list: SQLSTATE[42S02]: Base table or view not found: 1146 Table 'attendancetrackernp.student' doesn't exist
[2025-09-23 17:17] ERROR: Error retrieving student list: SQLSTATE[42S02]: Base table or view not found: 1146 Table 'attendancetrackernp.student' doesn't exist
[2025-09-23 17:17] ERROR: Error retrieving student list: SQLSTATE[42S02]: Base table or view not found: 1146 Table 'attendancetrackernp.student' doesn't exist
[2025-09-23 17:17] ERROR: Error retrieving student list: SQLSTATE[42S02]: Base table or view not found: 1146 Table 'attendancetrackernp.student' doesn't exist
[2025-09-23 17:17] ERROR: Error retrieving student list: SQLSTATE[42S02]: Base table or view not found: 1146 Table 'attendancetrackernp.student' doesn't exist
[2025-09-23 17:17] ERROR: Error retrieving student list: SQLSTATE[42S02]: Base table or view not found: 1146 Table 'attendancetrackernp.student' doesn't exist
[2025-09-23 17:17] ERROR: Error retrieving student list: SQLSTATE[42S02]: Base table or view not found: 1146 Table 'attendancetrackernp.student' doesn't exist
[2025-09-23 17:17] ERROR: Error retrieving student list: SQLSTATE[42S02]: Base table or view not found: 1146 Table 'attendancetrackernp.student' doesn't exist
[2025-09-23 17:17] ERROR: Error retrieving student list: SQLSTATE[42S02]: Base table or view not found: 1146 Table 'attendancetrackernp.student' doesn't exist
[2025-09-23 17:17] ERROR: Error retrieving student list: SQLSTATE[42S02]: Base table or view not found: 1146 Table 'attendancetrackernp.student' doesn't exist
[2025-09-23 17:17] ERROR: Error retrieving student list: SQLSTATE[42S02]: Base table or view not found: 1146 Table 'attendancetrackernp.student' doesn't exist
[2025-09-23 17:17] ERROR: Error retrieving student list: SQLSTATE[42S02]: Base table or view not found: 1146 Table 'attendancetrackernp.student' doesn't exist
[2025-09-23 17:17] ERROR: Error retrieving student list: SQLSTATE[42S02]: Base table or view not found: 1146 Table 'attendancetrackernp.student' doesn't exist
[2025-09-23 17:17] ERROR: Error retrieving student list: SQLSTATE[42S02]: Base table or view not found: 1146 Table 'attendancetrackernp.student' doesn't exist
[2025-09-23 17:17] ERROR: Error retrieving student list: SQLSTATE[42S02]: Base table or view not found: 1146 Table 'attendancetrackernp.student' doesn't exist
[2025-09-23 17:19] ERROR: Error retrieving student list: SQLSTATE[42S02]: Base table or view not found: 1146 Table 'attendancetrackernp.student' doesn't exist
[2025-09-24 20:14] ERROR: Error retrieving student profile: SQLSTATE[42S22]: Column not found: 1054 Unknown column 'SESSION_ID' in 'field list'
[2025-09-24 20:14] ERROR: Error retrieving student profile: SQLSTATE[42S22]: Column not found: 1054 Unknown column 'SESSION_ID' in 'field list'
[2025-09-24 20:14] ERROR: Error retrieving student profile: SQLSTATE[42S22]: Column not found: 1054 Unknown column 'SESSION_ID' in 'field list'
[2025-09-24 20:14] ERROR: Error retrieving student profile: SQLSTATE[42S22]: Column not found: 1054 Unknown column 'SESSION_ID' in 'field list'
[2025-09-24 20:14] ERROR: Error retrieving student profile: SQLSTATE[42S22]: Column not found: 1054 Unknown column 'SESSION_ID' in 'field list'
[2025-09-24 20:14] ERROR: Error retrieving student profile: SQLSTATE[42S22]: Column not found: 1054 Unknown column 'SESSION_ID' in 'field list'
[2025-09-24 20:14] ERROR: Error retrieving student profile: SQLSTATE[42S22]: Column not found: 1054 Unknown column 'SESSION_ID' in 'field list'
[2025-09-24 20:14] ERROR: Error retrieving student profile: SQLSTATE[42S22]: Column not found: 1054 Unknown column 'SESSION_ID' in 'field list'
[2025-09-24 20:14] ERROR: Error retrieving student profile: SQLSTATE[42S22]: Column not found: 1054 Unknown column 'SESSION_ID' in 'field list'
[2025-09-24 20:14] ERROR: Error retrieving student profile: SQLSTATE[42S22]: Column not found: 1054 Unknown column 'SESSION_ID' in 'field list'
[2025-09-24 20:14] ERROR: Error retrieving student profile: SQLSTATE[42S22]: Column not found: 1054 Unknown column 'SESSION_ID' in 'field list'
[2025-09-24 20:14] ERROR: Error retrieving student profile: SQLSTATE[42S22]: Column not found: 1054 Unknown column 'SESSION_ID' in 'field list'
[2025-09-24 20:14] ERROR: Error retrieving student profile: SQLSTATE[42S22]: Column not found: 1054 Unknown column 'SESSION_ID' in 'field list'
[2025-09-24 20:14] ERROR: Error retrieving student profile: SQLSTATE[42S22]: Column not found: 1054 Unknown column 'SESSION_ID' in 'field list'
[2025-09-24 20:14] ERROR: Error retrieving student profile: SQLSTATE[42S22]: Column not found: 1054 Unknown column 'SESSION_ID' in 'field list'
[2025-09-24 20:14] ERROR: Error retrieving student profile: SQLSTATE[42S22]: Column not found: 1054 Unknown column 'SESSION_ID' in 'field list'
[2025-09-24 20:14] ERROR: Error retrieving student profile: SQLSTATE[42S22]: Column not found: 1054 Unknown column 'SESSION_ID' in 'field list'
[2025-09-24 20:14] ERROR: Error retrieving student profile: SQLSTATE[42S22]: Column not found: 1054 Unknown column 'SESSION_ID' in 'field list'
[2025-09-24 20:14] ERROR: Error retrieving student profile: SQLSTATE[42S22]: Column not found: 1054 Unknown column 'SESSION_ID' in 'field list'
[2025-09-24 20:14] ERROR: Error retrieving student profile: SQLSTATE[42S22]: Column not found: 1054 Unknown column 'SESSION_ID' in 'field list'
[2025-09-24 20:14] ERROR: Error retrieving student profile: SQLSTATE[42S22]: Column not found: 1054 Unknown column 'SESSION_ID' in 'field list'
[2025-09-24 20:14] ERROR: Error retrieving student profile: SQLSTATE[42S22]: Column not found: 1054 Unknown column 'SESSION_ID' in 'field list'
[2025-09-24 20:14] ERROR: Error retrieving student profile: SQLSTATE[42S22]: Column not found: 1054 Unknown column 'SESSION_ID' in 'field list'
[2025-09-24 20:14] ERROR: Error retrieving student profile: SQLSTATE[42S22]: Column not found: 1054 Unknown column 'SESSION_ID' in 'field list'
[2025-09-24 20:14] ERROR: Error retrieving student profile: SQLSTATE[42S22]: Column not found: 1054 Unknown column 'SESSION_ID' in 'field list'
[2025-09-24 20:14] ERROR: Error retrieving student profile: SQLSTATE[42S22]: Column not found: 1054 Unknown column 'SESSION_ID' in 'field list'
[2025-09-24 20:14] ERROR: Error retrieving student profile: SQLSTATE[42S22]: Column not found: 1054 Unknown column 'SESSION_ID' in 'field list'
[2025-09-24 20:14] ERROR: Error retrieving student profile: SQLSTATE[42S22]: Column not found: 1054 Unknown column 'SESSION_ID' in 'field list'
[2025-09-24 20:14] ERROR: Error retrieving student profile: SQLSTATE[42S22]: Column not found: 1054 Unknown column 'SESSION_ID' in 'field list'
[2025-09-24 20:14] ERROR: Error retrieving student profile: SQLSTATE[42S22]: Column not found: 1054 Unknown column 'SESSION_ID' in 'field list'
[2025-09-24 20:14] ERROR: Error retrieving student profile: SQLSTATE[42S22]: Column not found: 1054 Unknown column 'SESSION_ID' in 'field list'
[2025-09-24 20:14] ERROR: Error retrieving student profile: SQLSTATE[42S22]: Column not found: 1054 Unknown column 'SESSION_ID' in 'field list'
[2025-09-24 20:14] ERROR: Error retrieving student profile: SQLSTATE[42S22]: Column not found: 1054 Unknown column 'SESSION_ID' in 'field list'
[2025-09-24 20:14] ERROR: Error retrieving student profile: SQLSTATE[42S22]: Column not found: 1054 Unknown column 'SESSION_ID' in 'field list'
[2025-09-24 20:14] ERROR: Error retrieving student profile: SQLSTATE[42S22]: Column not found: 1054 Unknown column 'SESSION_ID' in 'field list'
[2025-09-24 20:14] ERROR: Error retrieving student profile: SQLSTATE[42S22]: Column not found: 1054 Unknown column 'SESSION_ID' in 'field list'
[2025-09-24 20:14] ERROR: Error retrieving student profile: SQLSTATE[42S22]: Column not found: 1054 Unknown column 'SESSION_ID' in 'field list'
[2025-09-24 20:14] ERROR: Error retrieving student profile: SQLSTATE[42S22]: Column not found: 1054 Unknown column 'SESSION_ID' in 'field list'
[2025-09-24 20:14] ERROR: Error retrieving student profile: SQLSTATE[42S22]: Column not found: 1054 Unknown column 'SESSION_ID' in 'field list'
[2025-09-24 20:16] ERROR: Error retrieving student profile: SQLSTATE[42S22]: Column not found: 1054 Unknown column 'SESSION_ID' in 'field list'
[2025-09-24 20:17] ERROR: Error retrieving student profile: SQLSTATE[42S22]: Column not found: 1054 Unknown column 'SESSION_ID' in 'field list'
[2025-09-24 20:21] ERROR: Error retrieving student profile: SQLSTATE[42S22]: Column not found: 1054 Unknown column 'HTE_NAME' in 'field list'
[2025-09-24 20:25] ERROR: Error retrieving student profile: SQLSTATE[42S22]: Column not found: 1054 Unknown column 'HTE_NAME' in 'field list'
[2025-09-24 20:34] ERROR: Error retrieving student profile: SQLSTATE[42S02]: Base table or view not found: 1146 Table 'attendancetrackernp.building_registration_details' doesn't exist
[2025-09-24 20:34] ERROR: Error retrieving student profile: SQLSTATE[42S02]: Base table or view not found: 1146 Table 'attendancetrackernp.building_registration_details' doesn't exist
[2025-09-24 20:34] ERROR: Error retrieving student profile: SQLSTATE[42S02]: Base table or view not found: 1146 Table 'attendancetrackernp.building_registration_details' doesn't exist
[2025-09-24 20:34] ERROR: Error retrieving student profile: SQLSTATE[42S02]: Base table or view not found: 1146 Table 'attendancetrackernp.building_registration_details' doesn't exist
[2025-09-24 20:34] ERROR: Error retrieving student profile: SQLSTATE[42S02]: Base table or view not found: 1146 Table 'attendancetrackernp.building_registration_details' doesn't exist
[2025-09-24 20:34] ERROR: Error retrieving student profile: SQLSTATE[42S02]: Base table or view not found: 1146 Table 'attendancetrackernp.building_registration_details' doesn't exist
[2025-09-24 20:34] ERROR: Error retrieving student profile: SQLSTATE[42S02]: Base table or view not found: 1146 Table 'attendancetrackernp.building_registration_details' doesn't exist
[2025-09-24 20:34] ERROR: Error retrieving student profile: SQLSTATE[42S02]: Base table or view not found: 1146 Table 'attendancetrackernp.building_registration_details' doesn't exist
[2025-09-24 20:34] ERROR: Error retrieving student profile: SQLSTATE[42S02]: Base table or view not found: 1146 Table 'attendancetrackernp.building_registration_details' doesn't exist
[2025-09-24 20:34] ERROR: Error retrieving student profile: SQLSTATE[42S02]: Base table or view not found: 1146 Table 'attendancetrackernp.building_registration_details' doesn't exist
[2025-09-24 20:34] ERROR: Error retrieving student profile: SQLSTATE[42S02]: Base table or view not found: 1146 Table 'attendancetrackernp.building_registration_details' doesn't exist
[2025-09-24 20:34] ERROR: Error retrieving student profile: SQLSTATE[42S02]: Base table or view not found: 1146 Table 'attendancetrackernp.building_registration_details' doesn't exist
[2025-09-24 20:34] ERROR: Error retrieving student profile: SQLSTATE[42S02]: Base table or view not found: 1146 Table 'attendancetrackernp.building_registration_details' doesn't exist
[2025-09-24 20:34] ERROR: Error retrieving student profile: SQLSTATE[42S02]: Base table or view not found: 1146 Table 'attendancetrackernp.building_registration_details' doesn't exist
[2025-09-24 20:34] ERROR: Error retrieving student profile: SQLSTATE[42S02]: Base table or view not found: 1146 Table 'attendancetrackernp.building_registration_details' doesn't exist
[2025-09-24 20:34] ERROR: Error retrieving student profile: SQLSTATE[42S02]: Base table or view not found: 1146 Table 'attendancetrackernp.building_registration_details' doesn't exist
[2025-09-24 20:34] ERROR: Error retrieving student profile: SQLSTATE[42S02]: Base table or view not found: 1146 Table 'attendancetrackernp.building_registration_details' doesn't exist
[2025-09-24 20:34] ERROR: Error retrieving student profile: SQLSTATE[42S02]: Base table or view not found: 1146 Table 'attendancetrackernp.building_registration_details' doesn't exist
[2025-09-24 20:34] ERROR: Error retrieving student profile: SQLSTATE[42S02]: Base table or view not found: 1146 Table 'attendancetrackernp.building_registration_details' doesn't exist
[2025-09-24 20:34] ERROR: Error retrieving student profile: SQLSTATE[42S02]: Base table or view not found: 1146 Table 'attendancetrackernp.building_registration_details' doesn't exist
[2025-09-24 20:34] ERROR: Error retrieving student profile: SQLSTATE[42S02]: Base table or view not found: 1146 Table 'attendancetrackernp.building_registration_details' doesn't exist
[2025-09-24 20:34] ERROR: Error retrieving student profile: SQLSTATE[42S02]: Base table or view not found: 1146 Table 'attendancetrackernp.building_registration_details' doesn't exist
[2025-09-24 20:34] ERROR: Error retrieving student profile: SQLSTATE[42S02]: Base table or view not found: 1146 Table 'attendancetrackernp.building_registration_details' doesn't exist
[2025-09-24 20:34] ERROR: Error retrieving student profile: SQLSTATE[42S02]: Base table or view not found: 1146 Table 'attendancetrackernp.building_registration_details' doesn't exist
[2025-09-24 20:34] ERROR: Error retrieving student profile: SQLSTATE[42S02]: Base table or view not found: 1146 Table 'attendancetrackernp.building_registration_details' doesn't exist
[2025-09-24 20:34] ERROR: Error retrieving student profile: SQLSTATE[42S02]: Base table or view not found: 1146 Table 'attendancetrackernp.building_registration_details' doesn't exist
[2025-09-24 20:34] ERROR: Error retrieving student profile: SQLSTATE[42S02]: Base table or view not found: 1146 Table 'attendancetrackernp.building_registration_details' doesn't exist
[2025-09-24 20:34] ERROR: Error retrieving student profile: SQLSTATE[42S02]: Base table or view not found: 1146 Table 'attendancetrackernp.building_registration_details' doesn't exist
[2025-09-24 20:34] ERROR: Error retrieving student profile: SQLSTATE[42S02]: Base table or view not found: 1146 Table 'attendancetrackernp.building_registration_details' doesn't exist
[2025-09-24 20:34] ERROR: Error retrieving student profile: SQLSTATE[42S02]: Base table or view not found: 1146 Table 'attendancetrackernp.building_registration_details' doesn't exist
[2025-09-24 20:34] ERROR: Error retrieving student profile: SQLSTATE[42S02]: Base table or view not found: 1146 Table 'attendancetrackernp.building_registration_details' doesn't exist
[2025-09-24 20:34] ERROR: Error retrieving student profile: SQLSTATE[42S02]: Base table or view not found: 1146 Table 'attendancetrackernp.building_registration_details' doesn't exist
[2025-09-24 20:34] ERROR: Error retrieving student profile: SQLSTATE[42S02]: Base table or view not found: 1146 Table 'attendancetrackernp.building_registration_details' doesn't exist
[2025-09-24 20:34] ERROR: Error retrieving student profile: SQLSTATE[42S02]: Base table or view not found: 1146 Table 'attendancetrackernp.building_registration_details' doesn't exist
[2025-09-24 20:34] ERROR: Error retrieving student profile: SQLSTATE[42S02]: Base table or view not found: 1146 Table 'attendancetrackernp.building_registration_details' doesn't exist
[2025-09-24 20:34] ERROR: Error retrieving student profile: SQLSTATE[42S02]: Base table or view not found: 1146 Table 'attendancetrackernp.building_registration_details' doesn't exist
[2025-09-24 20:34] ERROR: Error retrieving student profile: SQLSTATE[42S02]: Base table or view not found: 1146 Table 'attendancetrackernp.building_registration_details' doesn't exist
[2025-09-24 20:34] ERROR: Error retrieving student profile: SQLSTATE[42S02]: Base table or view not found: 1146 Table 'attendancetrackernp.building_registration_details' doesn't exist
[2025-09-24 20:34] ERROR: Error retrieving student profile: SQLSTATE[42S02]: Base table or view not found: 1146 Table 'attendancetrackernp.building_registration_details' doesn't exist
[2025-09-24 20:34] ERROR: Error retrieving student profile: SQLSTATE[42S02]: Base table or view not found: 1146 Table 'attendancetrackernp.building_registration_details' doesn't exist
[2025-09-24 20:35] ERROR: Error retrieving student profile: SQLSTATE[42S02]: Base table or view not found: 1146 Table 'attendancetrackernp.building_registration_details' doesn't exist
[2025-09-24 20:35] ERROR: Error retrieving student profile: SQLSTATE[42S02]: Base table or view not found: 1146 Table 'attendancetrackernp.building_registration_details' doesn't exist
[2025-09-24 20:35] ERROR: Error retrieving student profile: SQLSTATE[42S02]: Base table or view not found: 1146 Table 'attendancetrackernp.building_registration_details' doesn't exist
[2025-09-24 20:35] ERROR: Error retrieving student profile: SQLSTATE[42S02]: Base table or view not found: 1146 Table 'attendancetrackernp.building_registration_details' doesn't exist
[2025-09-24 20:35] ERROR: Error retrieving student profile: SQLSTATE[42S02]: Base table or view not found: 1146 Table 'attendancetrackernp.building_registration_details' doesn't exist
[2025-09-24 20:35] ERROR: Error retrieving student profile: SQLSTATE[42S02]: Base table or view not found: 1146 Table 'attendancetrackernp.building_registration_details' doesn't exist
[2025-09-24 20:35] ERROR: Error retrieving student profile: SQLSTATE[42S02]: Base table or view not found: 1146 Table 'attendancetrackernp.building_registration_details' doesn't exist
[2025-09-24 20:35] ERROR: Error retrieving student profile: SQLSTATE[42S02]: Base table or view not found: 1146 Table 'attendancetrackernp.building_registration_details' doesn't exist
[2025-09-24 20:35] ERROR: Error retrieving student profile: SQLSTATE[42S02]: Base table or view not found: 1146 Table 'attendancetrackernp.building_registration_details' doesn't exist
[2025-09-24 20:35] ERROR: Error retrieving student profile: SQLSTATE[42S02]: Base table or view not found: 1146 Table 'attendancetrackernp.building_registration_details' doesn't exist
[2025-09-24 20:35] ERROR: Error retrieving student profile: SQLSTATE[42S02]: Base table or view not found: 1146 Table 'attendancetrackernp.building_registration_details' doesn't exist
[2025-09-24 20:35] ERROR: Error retrieving student profile: SQLSTATE[42S02]: Base table or view not found: 1146 Table 'attendancetrackernp.building_registration_details' doesn't exist
[2025-09-24 20:35] ERROR: Error retrieving student profile: SQLSTATE[42S02]: Base table or view not found: 1146 Table 'attendancetrackernp.building_registration_details' doesn't exist
[2025-09-24 20:35] ERROR: Error retrieving student profile: SQLSTATE[42S02]: Base table or view not found: 1146 Table 'attendancetrackernp.building_registration_details' doesn't exist
[2025-09-24 20:35] ERROR: Error retrieving student profile: SQLSTATE[42S02]: Base table or view not found: 1146 Table 'attendancetrackernp.building_registration_details' doesn't exist
[2025-09-24 20:35] ERROR: Error retrieving student profile: SQLSTATE[42S02]: Base table or view not found: 1146 Table 'attendancetrackernp.building_registration_details' doesn't exist
[2025-09-24 20:35] ERROR: Error retrieving student profile: SQLSTATE[42S02]: Base table or view not found: 1146 Table 'attendancetrackernp.building_registration_details' doesn't exist
[2025-09-24 20:35] ERROR: Error retrieving student profile: SQLSTATE[42S02]: Base table or view not found: 1146 Table 'attendancetrackernp.building_registration_details' doesn't exist
[2025-09-24 20:35] ERROR: Error retrieving student profile: SQLSTATE[42S02]: Base table or view not found: 1146 Table 'attendancetrackernp.building_registration_details' doesn't exist
[2025-09-24 20:35] ERROR: Error retrieving student profile: SQLSTATE[42S02]: Base table or view not found: 1146 Table 'attendancetrackernp.building_registration_details' doesn't exist
[2025-09-24 20:35] ERROR: Error retrieving student profile: SQLSTATE[42S02]: Base table or view not found: 1146 Table 'attendancetrackernp.building_registration_details' doesn't exist
[2025-09-24 20:35] ERROR: Error retrieving student profile: SQLSTATE[42S02]: Base table or view not found: 1146 Table 'attendancetrackernp.building_registration_details' doesn't exist
[2025-09-24 20:35] ERROR: Error retrieving student profile: SQLSTATE[42S02]: Base table or view not found: 1146 Table 'attendancetrackernp.building_registration_details' doesn't exist
[2025-09-24 20:35] ERROR: Error retrieving student profile: SQLSTATE[42S02]: Base table or view not found: 1146 Table 'attendancetrackernp.building_registration_details' doesn't exist
[2025-09-24 20:35] ERROR: Error retrieving student profile: SQLSTATE[42S02]: Base table or view not found: 1146 Table 'attendancetrackernp.building_registration_details' doesn't exist
[2025-09-24 20:35] ERROR: Error retrieving student profile: SQLSTATE[42S02]: Base table or view not found: 1146 Table 'attendancetrackernp.building_registration_details' doesn't exist
[2025-09-24 20:35] ERROR: Error retrieving student profile: SQLSTATE[42S02]: Base table or view not found: 1146 Table 'attendancetrackernp.building_registration_details' doesn't exist
[2025-09-24 20:35] ERROR: Error retrieving student profile: SQLSTATE[42S02]: Base table or view not found: 1146 Table 'attendancetrackernp.building_registration_details' doesn't exist
[2025-09-24 20:35] ERROR: Error retrieving student profile: SQLSTATE[42S02]: Base table or view not found: 1146 Table 'attendancetrackernp.building_registration_details' doesn't exist
[2025-09-24 20:35] ERROR: Error retrieving student profile: SQLSTATE[42S02]: Base table or view not found: 1146 Table 'attendancetrackernp.building_registration_details' doesn't exist
[2025-09-24 20:35] ERROR: Error retrieving student profile: SQLSTATE[42S02]: Base table or view not found: 1146 Table 'attendancetrackernp.building_registration_details' doesn't exist
[2025-09-24 20:35] ERROR: Error retrieving student profile: SQLSTATE[42S02]: Base table or view not found: 1146 Table 'attendancetrackernp.building_registration_details' doesn't exist
[2025-09-24 20:35] ERROR: Error retrieving student profile: SQLSTATE[42S02]: Base table or view not found: 1146 Table 'attendancetrackernp.building_registration_details' doesn't exist
[2025-09-24 20:35] ERROR: Error retrieving student profile: SQLSTATE[42S02]: Base table or view not found: 1146 Table 'attendancetrackernp.building_registration_details' doesn't exist
[2025-09-24 20:35] ERROR: Error retrieving student profile: SQLSTATE[42S02]: Base table or view not found: 1146 Table 'attendancetrackernp.building_registration_details' doesn't exist
[2025-11-18 16:33] ERROR: Database connection failed: Database connection failed: SQLSTATE[HY000] [2006] MySQL server has gone away
